********************************************************************************
* Unified simulation Tcl App stack trace dump
*
* File: .usf.tcl_error.log (Wed Dec  1 01:46:24 2021)
*
* This file is generated by the unified simulation automation and contains the
* tcl stack trace of error returned by the simulator App for the current run.
*
********************************************************************************
1
    while executing
"catch {exec attrib /D -R $file} error_msg"
    (procedure "xcs_make_file_executable" line 11)
    invoked from within
"xcs_make_file_executable $shell_script_file"
    (procedure "::tclapp::xilinx::xsim::usf_launch_script" line 12)
    invoked from within
"::tclapp::xilinx::xsim::usf_launch_script "xsim" $step"
    (procedure "tclapp::xilinx::xsim::simulate" line 23)
    invoked from within
"tclapp::xilinx::xsim::simulate { -simset sim_1 -mode behavioral -run_dir C:/Users/josep/GitHub/ELEC4320-Project/hw/hw.sim/sim_1/behav/xsim -int_os_typ..."
